<?xml version="1.0" encoding="UTF-8"?>
<!-- Generated by org.testng.reporters.JUnitReportReporter -->
<testsuite hostname="Harshal" failures="0" tests="1" name="com.naukari.Login" time="22.614" errors="0" timestamp="2024-03-25T19:40:23 IST" skipped="0">
  <testcase classname="com.naukari.Login" name="uploadFile" time="22.614"/>
</testsuite> <!-- com.naukari.Login -->
